Executing commands
=== Task output to stdout ===
total 760
drwxrwxr-x 9 kirill kirill   4096 Nov 26 17:33 .
drwxrwxr-x 8 kirill kirill   4096 Nov 19 09:31 ..
-rw-rw-r-- 1 kirill kirill 245641 Nov 23 13:18 binary
-rw-rw-r-- 1 kirill kirill    895 Nov 23 13:18 buffer.txt
drwxrwxr-x 2 kirill kirill   4096 Dec 20 20:00 build
-rw-rw-r-- 1 kirill kirill   1897 Oct 29 22:36 .clang-tidy
drwxrwxr-x 2 kirill kirill   4096 Nov 26 17:26 configs
drwxrwxr-x 8 kirill kirill   4096 Nov 25 22:47 .git
-rwxr-xr-x 1 kirill kirill 475019 Oct 29 22:36 hw-3.pdf
drwxrwxr-x 2 kirill kirill   4096 Nov 25 12:09 logs
-rw-rw-r-- 1 kirill kirill   3240 Nov 25 11:59 main.c
-rw-rw-r-- 1 kirill kirill   2443 Nov 16 18:45 Makefile
-rw-rw-r-- 1 kirill kirill    434 Oct 29 22:36 README.md
drwxrwxr-x 2 kirill kirill   4096 Nov 26 17:33 src
drwxrwxr-x 3 kirill kirill   4096 Nov 25 22:28 tests
drwxrwxr-x 2 kirill kirill   4096 Nov 23 13:18 .vscode
=== End of task output to stdout ===
Proccess ended normally with code 0